#
# A fatal error has been detected by the Java Runtime Environment:
#
#  EXCEPTION_ACCESS_VIOLATION (0xc0000005) at pc=0xcccccccc, pid=5656, tid=128
#
# JRE version: 6.0_25-b06
# Java VM: Java HotSpot(TM) Client VM (20.0-b11 mixed mode, sharing windows-x86 )
# Problematic frame:
# C  0xcccccccc
#
# If you would like to submit a bug report, please visit:
#   http://java.sun.com/webapps/bugreport/crash.jsp
# The crash happened outside the Java Virtual Machine in native code.
# See problematic frame for where to report the bug.
#

---------------  T H R E A D  ---------------

Current thread (0x019ba000):  JavaThread "AWT-Windows" daemon [_thread_in_native, id=128, stack(0x03fc0000,0x04010000)]

siginfo: ExceptionCode=0xc0000005, reading address 0xcccccccc

Registers:
EAX=0x6d0c01a6, EBX=0x00000001, ECX=0x065ba168, EDX=0x00000004
ESP=0x0400f970, EBP=0x0400f99c, ESI=0x019ba128, EDI=0x00000000
EIP=0xcccccccc, EFLAGS=0x00010297

Top of Stack: (sp=0x0400f970)
0x0400f970:   6d09c6df 0400fa18 00009819 00000000
0x0400f980:   0400fa18 00000000 019ba128 0400f974
0x0400f990:   0400fa30 6d0c0038 00000001 0400f9c8
0x0400f9a0:   75e886ef 001d0742 00009819 065ba168
0x0400f9b0:   00000000 00009819 dcbaabcd 00000000
0x0400f9c0:   0400fa18 00009819 0400fa40 75e88876
0x0400f9d0:   6d09c1e0 001d0742 00009819 065ba168
0x0400f9e0:   00000000 173d2a04 00000000 001d0742 

Instructions: (pc=0xcccccccc)
0xccccccac:   
[error occurred during error reporting (printing registers, top of stack, instructions near pc), id 0xc0000005]

Register to memory mapping:

EAX=0x6d0c01a6 is an unknown value
EBX=0x00000001 is an unknown value
ECX=0x065ba168 is an unknown value
EDX=0x00000004 is an unknown value
ESP=0x0400f970 is pointing into the stack for thread: 0x019ba000
EBP=0x0400f99c is pointing into the stack for thread: 0x019ba000
ESI=0x019ba128 is an unknown value
EDI=0x00000000 is an unknown value


Stack: [0x03fc0000,0x04010000],  sp=0x0400f970,  free space=318k
Native frames: (J=compiled Java code, j=interpreted, Vv=VM code, C=native code)
C  0xcccccccc
C  [USER32.dll+0x186ef]  IsThreadDesktopComposited+0x11f
C  [USER32.dll+0x18876]  IsThreadDesktopComposited+0x2a6
C  [USER32.dll+0x170f4]  InflateRect+0x74
C  [USER32.dll+0x1738f]  DefWindowProcW+0x144
C  [ntdll.dll+0x4627e]  KiUserCallbackDispatcher+0x2e

Java frames: (J=compiled Java code, j=interpreted, Vv=VM code)
j  sun.awt.windows.WToolkit.eventLoop()V+0
j  sun.awt.windows.WToolkit.run()V+52
j  java.lang.Thread.run()V+11
v  ~StubRoutines::call_stub

---------------  P R O C E S S  ---------------

Java Threads: ( => current thread )
  0x0196f000 JavaThread "Thread-1" daemon [_thread_in_native, id=7520, stack(0x07f90000,0x07fe0000)]
  0x011d9800 JavaThread "DestroyJavaVM" [_thread_blocked, id=6792, stack(0x00160000,0x001b0000)]
  0x0657f800 JavaThread "Thread-4" [_thread_blocked, id=3056, stack(0x08e20000,0x08e70000)]
  0x0657bc00 JavaThread "AWT-EventQueue-0" [_thread_blocked, id=4172, stack(0x08cd0000,0x08d20000)]
=>0x019ba000 JavaThread "AWT-Windows" daemon [_thread_in_native, id=128, stack(0x03fc0000,0x04010000)]
  0x019b9800 JavaThread "AWT-Shutdown" [_thread_blocked, id=6672, stack(0x03db0000,0x03e00000)]
  0x019b5c00 JavaThread "Java2D Disposer" daemon [_thread_in_native, id=5032, stack(0x03d60000,0x03db0000)]
  0x01958400 JavaThread "Low Memory Detector" daemon [_thread_blocked, id=4596, stack(0x03cc0000,0x03d10000)]
  0x01956c00 JavaThread "C1 CompilerThread0" daemon [_thread_blocked, id=388, stack(0x03c70000,0x03cc0000)]
  0x01955c00 JavaThread "Attach Listener" daemon [_thread_blocked, id=5424, stack(0x03c20000,0x03c70000)]
  0x01954400 JavaThread "Signal Dispatcher" daemon [_thread_blocked, id=1164, stack(0x03bd0000,0x03c20000)]
  0x0194a000 JavaThread "Finalizer" daemon [_thread_blocked, id=7876, stack(0x03b80000,0x03bd0000)]
  0x01948800 JavaThread "Reference Handler" daemon [_thread_blocked, id=1052, stack(0x03b30000,0x03b80000)]

Other Threads:
  0x0190d000 VMThread [stack: 0x03ae0000,0x03b30000] [id=5484]
  0x01959800 WatcherThread [stack: 0x03d10000,0x03d60000] [id=5428]

VM state:not at safepoint (normal execution)

VM Mutex/Monitor currently owned by a thread: None

Heap
 def new generation   total 4928K, used 342K [0x239d0000, 0x23f20000, 0x28f20000)
  eden space 4416K,   3% used [0x239d0000, 0x239f8bb0, 0x23e20000)
  from space 512K,  35% used [0x23ea0000, 0x23eccdd0, 0x23f20000)
  to   space 512K,   0% used [0x23e20000, 0x23e20000, 0x23ea0000)
 tenured generation   total 10944K, used 7980K [0x28f20000, 0x299d0000, 0x339d0000)
   the space 10944K,  72% used [0x28f20000, 0x296eb068, 0x296eb200, 0x299d0000)
 compacting perm gen  total 12288K, used 751K [0x339d0000, 0x345d0000, 0x379d0000)
   the space 12288K,   6% used [0x339d0000, 0x33a8bf18, 0x33a8c000, 0x345d0000)
    ro space 10240K,  51% used [0x379d0000, 0x37efdc00, 0x37efdc00, 0x383d0000)
    rw space 12288K,  55% used [0x383d0000, 0x38a6c300, 0x38a6c400, 0x38fd0000)

Code Cache  [0x019d0000, 0x01aa8000, 0x039d0000)
 total_blobs=498 nmethods=300 adapters=134 free_code_cache=32679744 largest_free_block=0

Dynamic libraries:
0x00400000 - 0x00424000 	C:\Program Files\Java\jre6\bin\javaw.exe
0x777a0000 - 0x778dd000 	C:\Windows\SYSTEM32\ntdll.dll
0x773d0000 - 0x774a4000 	C:\Windows\system32\kernel32.dll
0x75ae0000 - 0x75b2a000 	C:\Windows\system32\KERNELBASE.dll
0x76f40000 - 0x76fe0000 	C:\Windows\system32\ADVAPI32.dll
0x77920000 - 0x779cc000 	C:\Windows\system32\msvcrt.dll
0x75fd0000 - 0x75fe9000 	C:\Windows\SYSTEM32\sechost.dll
0x75c80000 - 0x75d21000 	C:\Windows\system32\RPCRT4.dll
0x75e70000 - 0x75f39000 	C:\Windows\system32\USER32.dll
0x75ff0000 - 0x7603e000 	C:\Windows\system32\GDI32.dll
0x778f0000 - 0x778fa000 	C:\Windows\system32\LPK.dll
0x77500000 - 0x7759d000 	C:\Windows\system32\USP10.dll
0x77900000 - 0x7791f000 	C:\Windows\system32\IMM32.DLL
0x75d90000 - 0x75e5c000 	C:\Windows\system32\MSCTF.dll
0x7c340000 - 0x7c396000 	C:\Program Files\Java\jre6\bin\msvcr71.dll
0x6d7f0000 - 0x6da9f000 	C:\Program Files\Java\jre6\bin\client\jvm.dll
0x73de0000 - 0x73e12000 	C:\Windows\system32\WINMM.dll
0x75820000 - 0x7586b000 	C:\Windows\system32\apphelp.dll
0x6d7a0000 - 0x6d7ac000 	C:\Program Files\Java\jre6\bin\verify.dll
0x6d320000 - 0x6d33f000 	C:\Program Files\Java\jre6\bin\java.dll
0x778e0000 - 0x778e5000 	C:\Windows\system32\PSAPI.DLL
0x6d7e0000 - 0x6d7ef000 	C:\Program Files\Java\jre6\bin\zip.dll
0x6d000000 - 0x6d14b000 	C:\Program Files\Java\jre6\bin\awt.dll
0x6f7d0000 - 0x6f821000 	C:\Windows\system32\WINSPOOL.DRV
0x76ce0000 - 0x76e3c000 	C:\Windows\system32\ole32.dll
0x745c0000 - 0x7475e000 	C:\Windows\WinSxS\x86_microsoft.windows.common-controls_6595b64144ccf1df_6.0.7600.16661_none_420fe3fa2b8113bd\COMCTL32.dll
0x75d30000 - 0x75d87000 	C:\Windows\system32\SHLWAPI.dll
0x742a0000 - 0x742b3000 	C:\Windows\system32\DWMAPI.DLL
0x74580000 - 0x745c0000 	C:\Windows\system32\uxtheme.dll
0x6d230000 - 0x6d27f000 	C:\Program Files\Java\jre6\bin\fontmanager.dll
0x75870000 - 0x7587c000 	C:\Windows\system32\CRYPTBASE.dll
0x5c2f0000 - 0x5c4b3000 	C:\Windows\system32\d3d9.dll
0x74db0000 - 0x74db9000 	C:\Windows\system32\VERSION.dll
0x5c2e0000 - 0x5c2e6000 	C:\Windows\system32\d3d8thk.dll
0x6bed0000 - 0x6c630000 	C:\Windows\system32\nvd3dum.dll
0x74bf0000 - 0x74c15000 	C:\Windows\system32\powrprof.dll
0x771a0000 - 0x7733d000 	C:\Windows\system32\SETUPAPI.dll
0x75bc0000 - 0x75be7000 	C:\Windows\system32\CFGMGR32.dll
0x75f40000 - 0x75fcf000 	C:\Windows\system32\OLEAUT32.dll
0x75970000 - 0x75982000 	C:\Windows\system32\DEVOBJ.dll
0x76080000 - 0x76cc9000 	C:\Windows\system32\shell32.dll
0x753a0000 - 0x753b6000 	C:\Windows\system32\CRYPTSP.dll
0x75140000 - 0x7517b000 	C:\Windows\system32\rsaenh.dll
0x74f10000 - 0x74f27000 	C:\Windows\system32\USERENV.dll
0x758f0000 - 0x758fb000 	C:\Windows\system32\profapi.dll
0x6d600000 - 0x6d613000 	C:\Program Files\Java\jre6\bin\net.dll
0x76040000 - 0x76075000 	C:\Windows\system32\WS2_32.dll
0x76cd0000 - 0x76cd6000 	C:\Windows\system32\NSI.dll
0x75360000 - 0x7539c000 	C:\Windows\system32\mswsock.dll
0x75350000 - 0x75356000 	C:\Windows\System32\wship6.dll
0x73eb0000 - 0x73ec0000 	C:\Windows\system32\NLAapi.dll
0x75220000 - 0x75264000 	C:\Windows\system32\DNSAPI.dll
0x70600000 - 0x70608000 	C:\Windows\System32\winrnr.dll
0x705f0000 - 0x70600000 	C:\Windows\system32\napinsp.dll
0x705d0000 - 0x705e2000 	C:\Windows\system32\pnrpnsp.dll
0x705a0000 - 0x705c4000 	C:\Program Files\Common Files\Microsoft Shared\Windows Live\WLIDNSP.DLL
0x70570000 - 0x70595000 	C:\Program Files\Bonjour\mdnsNSP.dll
0x73a00000 - 0x73a1c000 	C:\Windows\system32\Iphlpapi.DLL
0x739e0000 - 0x739e7000 	C:\Windows\system32\WINNSI.DLL
0x74e40000 - 0x74e45000 	C:\Windows\System32\wshtcpip.dll
0x70560000 - 0x70566000 	C:\Windows\system32\rasadhlp.dll
0x73760000 - 0x73798000 	C:\Windows\System32\fwpuclnt.dll

VM Arguments:
jvm_args: -Dfile.encoding=Cp1252 
java_command: game.GameRunner
Launcher Type: SUN_STANDARD

Environment Variables:
CLASSPATH=.;C:\Program Files\Java\jre6\lib\ext\QTJava.zip
PATH=C:/Program Files/Java/jre6/bin/client;C:/Program Files/Java/jre6/bin;C:/Program Files/Java/jre6/lib/i386;C:\Program Files\Common Files\Microsoft Shared\Windows Live;C:\Windows\system32;C:\Windows;C:\Windows\System32\Wbem;C:\Windows\System32\WindowsPowerShell\v1.0\;C:\Program Files\QuickTime\QTSystem\;C:\RailsInstaller\Git\cmd;C:\RailsInstaller\Ruby1.8.7\bin;C:\Program Files\FreeArc\bin;C:\Program Files\Java\jdk1.6.0_23\bin
USERNAME=white
OS=Windows_NT
PROCESSOR_IDENTIFIER=x86 Family 16 Model 2 Stepping 2, AuthenticAMD



---------------  S Y S T E M  ---------------

OS: Windows 7 Build 7600 

CPU:total 4 (4 cores per cpu, 1 threads per core) family 16 model 2 stepping 2, cmov, cx8, fxsr, mmx, sse, sse2, sse3, popcnt, mmxext, 3dnow, 3dnowext, lzcnt, sse4a

Memory: 4k page, physical 3407224k(1815560k free), swap 6812684k(4362872k free)

vm_info: Java HotSpot(TM) Client VM (20.0-b11) for windows-x86 JRE (1.6.0_25-b06), built on Apr 14 2011 01:04:32 by "java_re" with MS VC++ 7.1 (VS2003)

time: Wed Jun 01 01:29:11 2011
elapsed time: 8 seconds

